#
# A fatal error has been detected by the Java Runtime Environment:
#
#  SIGSEGV (0xb) at pc=0x00007f71e91383ba, pid=5156, tid=140127619503872
#
# JRE version: Java(TM) SE Runtime Environment (8.0_91-b14) (build 1.8.0_91-b14)
# Java VM: Java HotSpot(TM) 64-Bit Server VM (25.91-b14 mixed mode linux-amd64 compressed oops)
# Problematic frame:
# J 115 C1 java.lang.String.<init>([CZ)V (10 bytes) @ 0x00007f71e91383ba [0x00007f71e9138300+0xba]
#
# Failed to write core dump. Core dumps have been disabled. To enable core dumping, try "ulimit -c unlimited" before starting Java again
#
# If you would like to submit a bug report, please visit:
#   http://bugreport.java.com/bugreport/crash.jsp
#

---------------  T H R E A D  ---------------

Current thread (0x00007f71f8009800):  JavaThread "main" [_thread_in_Java, id=5160, stack(0x00007f7200ebd000,0x00007f7200fbe000)]

siginfo: si_signo: 11 (SIGSEGV), si_code: 1 (SEGV_MAPERR), si_addr: 0x00007ff1fdbcbbc7

Registers:
RAX=0x00007f71fcb48bc8, RBX=0x0000000000016eb8, RCX=0x0000000000000001, RDX=0x00000000eb978e60
RSP=0x00007f7200fb5600, RBP=0x00007f7200fb56b0, RSI=0x000000000075cbc7, RDI=0x00007ff1fd46f000
R8 =0x0000000000000003, R9 =0x0000000000000006, R10=0x00000000eb978e60, R11=0x00007f71e9138320
R12=0x0000000000000000, R13=0x00007f7200fb5650, R14=0x00007f7200fb56e0, R15=0x00007f71f8009800
RIP=0x00007f71e91383ba, EFLAGS=0x0000000000010212, CSGSFS=0x0000000000000033, ERR=0x0000000000000006
  TRAPNO=0x000000000000000e

Top of Stack: (sp=0x00007f7200fb5600)
0x00007f7200fb5600:   00000000eb752ed8 00007f7200fb5608
0x00007f7200fb5610:   00007f71fcb49124 00007f7200fb5668
0x00007f7200fb5620:   00007f71fcbf3960 0000000000000000
0x00007f7200fb5630:   00007f7200fb56b0 00007f71e90082bd
0x00007f7200fb5640:   00007f7200fb5658 00007f71e90082bd
0x00007f7200fb5650:   0000000000000001 00000000eb978e60
0x00007f7200fb5660:   00000000eb978ed0 00000000eb978ed0
0x00007f7200fb5670:   00007f7200fb5670 00007f71fcb4adfb
0x00007f7200fb5680:   00007f7200fb56e0 00007f71fcbf3960
0x00007f7200fb5690:   0000000000000000 00007f71fcb4ae10
0x00007f7200fb56a0:   00007f7200fb5650 00007f7200fb56d8
0x00007f7200fb56b0:   00007f7200fb5728 00007f71e9008040
0x00007f7200fb56c0:   00000000eb978e60 0000000000000028
0x00007f7200fb56d0:   0000000000000006 00000000eb752ec0
0x00007f7200fb56e0:   00000000eb978e48 00007f7200fb56e8
0x00007f7200fb56f0:   00007f71fcd3587d 00007f7200fb5750
0x00007f7200fb5700:   00007f71fcd359d8 0000000000000000
0x00007f7200fb5710:   00007f71fcd358d0 00007f7200fb56d8
0x00007f7200fb5720:   00007f7200fb5750 00007f7200fb5798
0x00007f7200fb5730:   00007f71e9008040 0000000000000000
0x00007f7200fb5740:   0000000000000000 0000000000000000
0x00007f7200fb5750:   00000000eb978dd0 00007f7200fb5758
0x00007f7200fb5760:   00007f71fcd35959 00007f7200fb57a8
0x00007f7200fb5770:   00007f71fcd359d8 0000000000000000
0x00007f7200fb5780:   00007f71fcd35968 00007f7200fb5750
0x00007f7200fb5790:   00007f7200fb57a8 00007f7200fb5810
0x00007f7200fb57a0:   00007f71e90007a7 00000000eb978dd0
0x00007f7200fb57b0:   0000000000001fa0 00007f71b8070a40
0x00007f7200fb57c0:   00007f71f8009800 00007f7200fb5890
0x00007f7200fb57d0:   00007f7200fb6180 00007f7200fb5850
0x00007f7200fb57e0:   00007f7200fb5850 00007f7200fb6198
0x00007f7200fb57f0:   00007f720000000c 00007f71fcd35968 

Instructions: (pc=0x00007f71e91383ba)
0x00007f71e913839a:   7f 00 83 fb 00 0f 84 39 00 00 00 4c 8b d2 44 89
0x00007f71e91383aa:   56 0c 48 c1 ee 09 48 bf 00 f0 46 fd 71 7f 00 00
0x00007f71e91383ba:   c6 04 3e 00 48 83 c4 30 5d 85 05 37 3d ea 17 c3
0x00007f71e91383ca:   48 89 7c 24 08 48 c7 04 24 ff ff ff ff e8 84 f3 

Register to memory mapping:

RAX={method} {0x00007f71fcb48bc8} '<init>' '([CZ)V' in 'java/lang/String'
RBX=0x0000000000016eb8 is an unknown value
RCX=0x0000000000000001 is an unknown value
RDX=0x00000000eb978e60 is an oop
[C 
 - klass: {type array char}
 - length: 46
RSP=0x00007f7200fb5600 is pointing into the stack for thread: 0x00007f71f8009800
RBP=0x00007f7200fb56b0 is pointing into the stack for thread: 0x00007f71f8009800
RSI=0x000000000075cbc7 is an unknown value
RDI=0x00007ff1fd46f000 is an unknown value
R8 =0x0000000000000003 is an unknown value
R9 =0x0000000000000006 is an unknown value
R10=0x00000000eb978e60 is an oop
[C 
 - klass: {type array char}
 - length: 46
R11=0x00007f71e9138320 is at entry_point+32 in (nmethod*)0x00007f71e9138190
R12=0x0000000000000000 is an unknown value
R13=0x00007f7200fb5650 is pointing into the stack for thread: 0x00007f71f8009800
R14=0x00007f7200fb56e0 is pointing into the stack for thread: 0x00007f71f8009800
R15=0x00007f71f8009800 is a thread


Stack: [0x00007f7200ebd000,0x00007f7200fbe000],  sp=0x00007f7200fb5600,  free space=993k
Native frames: (J=compiled Java code, j=interpreted, Vv=VM code, C=native code)
J 115 C1 java.lang.String.<init>([CZ)V (10 bytes) @ 0x00007f71e91383ba [0x00007f71e9138300+0xba]
j  java.lang.String.concat(Ljava/lang/String;)Ljava/lang/String;+43
j  java.net.URLClassLoader$1.run()Ljava/lang/Class;+13
j  java.net.URLClassLoader$1.run()Ljava/lang/Object;+1
v  ~StubRoutines::call_stub
V  [libjvm.so+0x68dbc6]  JavaCalls::call_helper(JavaValue*, methodHandle*, JavaCallArguments*, Thread*)+0x1056
V  [libjvm.so+0x726a0c]  JVM_DoPrivileged+0x27c
j  java.security.AccessController.doPrivileged(Ljava/security/PrivilegedExceptionAction;Ljava/security/AccessControlContext;)Ljava/lang/Object;+0
j  java.net.URLClassLoader.findClass(Ljava/lang/String;)Ljava/lang/Class;+13
J 233 C1 java.lang.ClassLoader.loadClass(Ljava/lang/String;Z)Ljava/lang/Class; (122 bytes) @ 0x00007f71e917823c [0x00007f71e91778e0+0x95c]
j  java.lang.ClassLoader.loadClass(Ljava/lang/String;)Ljava/lang/Class;+3
v  ~StubRoutines::call_stub
V  [libjvm.so+0x68dbc6]  JavaCalls::call_helper(JavaValue*, methodHandle*, JavaCallArguments*, Thread*)+0x1056
V  [libjvm.so+0x68e0d1]  JavaCalls::call_virtual(JavaValue*, KlassHandle, Symbol*, Symbol*, JavaCallArguments*, Thread*)+0x321
V  [libjvm.so+0x68e516]  JavaCalls::call_virtual(JavaValue*, Handle, KlassHandle, Symbol*, Symbol*, Handle, Thread*)+0x56
V  [libjvm.so+0xa33500]  SystemDictionary::load_instance_class(Symbol*, Handle, Thread*)+0x3f0
V  [libjvm.so+0xa323ec]  SystemDictionary::resolve_instance_class_or_null(Symbol*, Handle, Handle, Thread*)+0x7cc
V  [libjvm.so+0xa32b68]  SystemDictionary::resolve_super_or_fail(Symbol*, Symbol*, Handle, Handle, bool, Thread*)+0x2d8
V  [libjvm.so+0x44fe38]  ClassFileParser::parse_interfaces(int, Handle, Symbol*, bool*, Thread*)+0x1f8
V  [libjvm.so+0x45f9db]  ClassFileParser::parseClassFile(Symbol*, ClassLoaderData*, Handle, KlassHandle, GrowableArray<Handle>*, TempNewSymbol&, bool, Thread*)+0xc1b
V  [libjvm.so+0xa2dfff]  SystemDictionary::resolve_from_stream(Symbol*, Handle, Handle, ClassFileStream*, bool, Thread*)+0x17f
V  [libjvm.so+0x70dd3e]  jvm_define_class_common(JNIEnv_*, char const*, _jobject*, signed char const*, int, _jobject*, char const*, unsigned char, Thread*)+0x2ae
V  [libjvm.so+0x7130e1]  JVM_DefineClassWithSource+0xe1
C  [libjava.so+0xeb65]  Java_java_lang_ClassLoader_defineClass1+0x155
j  java.lang.ClassLoader.defineClass1(Ljava/lang/String;[BIILjava/security/ProtectionDomain;Ljava/lang/String;)Ljava/lang/Class;+0
j  java.lang.ClassLoader.defineClass(Ljava/lang/String;[BIILjava/security/ProtectionDomain;)Ljava/lang/Class;+27
j  java.security.SecureClassLoader.defineClass(Ljava/lang/String;[BIILjava/security/CodeSource;)Ljava/lang/Class;+12
j  java.net.URLClassLoader.defineClass(Ljava/lang/String;Lsun/misc/Resource;)Ljava/lang/Class;+138
j  java.net.URLClassLoader.access$100(Ljava/net/URLClassLoader;Ljava/lang/String;Lsun/misc/Resource;)Ljava/lang/Class;+3
j  java.net.URLClassLoader$1.run()Ljava/lang/Class;+43
j  java.net.URLClassLoader$1.run()Ljava/lang/Object;+1
v  ~StubRoutines::call_stub
V  [libjvm.so+0x68dbc6]  JavaCalls::call_helper(JavaValue*, methodHandle*, JavaCallArguments*, Thread*)+0x1056
V  [libjvm.so+0x726a0c]  JVM_DoPrivileged+0x27c
j  java.security.AccessController.doPrivileged(Ljava/security/PrivilegedExceptionAction;Ljava/security/AccessControlContext;)Ljava/lang/Object;+0
j  java.net.URLClassLoader.findClass(Ljava/lang/String;)Ljava/lang/Class;+13
J 233 C1 java.lang.ClassLoader.loadClass(Ljava/lang/String;Z)Ljava/lang/Class; (122 bytes) @ 0x00007f71e917823c [0x00007f71e91778e0+0x95c]
j  java.lang.ClassLoader.loadClass(Ljava/lang/String;)Ljava/lang/Class;+3
v  ~StubRoutines::call_stub
V  [libjvm.so+0x68dbc6]  JavaCalls::call_helper(JavaValue*, methodHandle*, JavaCallArguments*, Thread*)+0x1056
V  [libjvm.so+0x68e0d1]  JavaCalls::call_virtual(JavaValue*, KlassHandle, Symbol*, Symbol*, JavaCallArguments*, Thread*)+0x321
V  [libjvm.so+0x68e516]  JavaCalls::call_virtual(JavaValue*, Handle, KlassHandle, Symbol*, Symbol*, Handle, Thread*)+0x56
V  [libjvm.so+0xa33500]  SystemDictionary::load_instance_class(Symbol*, Handle, Thread*)+0x3f0
V  [libjvm.so+0xa323ec]  SystemDictionary::resolve_instance_class_or_null(Symbol*, Handle, Handle, Thread*)+0x7cc
V  [libjvm.so+0xa33923]  SystemDictionary::resolve_or_fail(Symbol*, Handle, Handle, bool, Thread*)+0x33
V  [libjvm.so+0xa980ce]  VerificationType::is_reference_assignable_from(VerificationType const&, ClassVerifier*, bool, Thread*) const+0xee
V  [libjvm.so+0xa9c7db]  ClassVerifier::verify_return_value(VerificationType, VerificationType, unsigned short, StackMapFrame*, Thread*)+0x40b
V  [libjvm.so+0xaa6343]  ClassVerifier::verify_method(methodHandle, Thread*)+0x1e03
V  [libjvm.so+0xaaad8b]  ClassVerifier::verify_class(Thread*)+0xcb
V  [libjvm.so+0xaabcc5]  Verifier::verify(instanceKlassHandle, Verifier::Mode, bool, Thread*)+0x525
V  [libjvm.so+0x640b71]  InstanceKlass::link_class_impl(instanceKlassHandle, bool, Thread*)+0x361
V  [libjvm.so+0x640894]  InstanceKlass::link_class_impl(instanceKlassHandle, bool, Thread*)+0x84
V  [libjvm.so+0x640894]  InstanceKlass::link_class_impl(instanceKlassHandle, bool, Thread*)+0x84
V  [libjvm.so+0x640894]  InstanceKlass::link_class_impl(instanceKlassHandle, bool, Thread*)+0x84
V  [libjvm.so+0x640894]  InstanceKlass::link_class_impl(instanceKlassHandle, bool, Thread*)+0x84
V  [libjvm.so+0x64239f]  InstanceKlass::initialize_impl(instanceKlassHandle, Thread*)+0x6f
V  [libjvm.so+0x6428a1]  InstanceKlass::initialize(Thread*)+0x41
V  [libjvm.so+0x68230a]  InterpreterRuntime::_new(JavaThread*, ConstantPool*, int)+0x23a
j  com.sun.javafx.application.PlatformImpl.<clinit>()V+132
v  ~StubRoutines::call_stub
V  [libjvm.so+0x68dbc6]  JavaCalls::call_helper(JavaValue*, methodHandle*, JavaCallArguments*, Thread*)+0x1056
V  [libjvm.so+0x63fc17]  InstanceKlass::call_class_initializer_impl(instanceKlassHandle, Thread*)+0xd7
V  [libjvm.so+0x6424dc]  InstanceKlass::initialize_impl(instanceKlassHandle, Thread*)+0x1ac
V  [libjvm.so+0x6428a1]  InstanceKlass::initialize(Thread*)+0x41
V  [libjvm.so+0x7f7226]  LinkResolver::resolve_static_call(CallInfo&, KlassHandle&, Symbol*, Symbol*, KlassHandle, bool, bool, Thread*)+0x246
V  [libjvm.so+0x7f74af]  LinkResolver::resolve_invokestatic(CallInfo&, constantPoolHandle, int, Thread*)+0x23f
V  [libjvm.so+0x7f8561]  LinkResolver::resolve_invoke(CallInfo&, Handle, constantPoolHandle, int, Bytecodes::Code, Thread*)+0x4f1
V  [libjvm.so+0x687142]  InterpreterRuntime::resolve_invoke(JavaThread*, Bytecodes::Code)+0x1b2
j  com.sun.javafx.application.LauncherImpl.startToolkit()V+35
j  com.sun.javafx.application.LauncherImpl.launchApplicationWithArgs(Ljava/lang/String;Ljava/lang/String;[Ljava/lang/String;)V+0
j  com.sun.javafx.application.LauncherImpl.launchApplication(Ljava/lang/String;Ljava/lang/String;[Ljava/lang/String;)V+409
v  ~StubRoutines::call_stub
V  [libjvm.so+0x68dbc6]  JavaCalls::call_helper(JavaValue*, methodHandle*, JavaCallArguments*, Thread*)+0x1056
V  [libjvm.so+0x994487]  Reflection::invoke(instanceKlassHandle, methodHandle, Handle, bool, objArrayHandle, BasicType, objArrayHandle, bool, Thread*)+0x5d7
V  [libjvm.so+0x997b97]  Reflection::invoke_method(oopDesc*, Handle, objArrayHandle, Thread*)+0x147
V  [libjvm.so+0x71c7db]  JVM_InvokeMethod+0x26b
j  sun.reflect.NativeMethodAccessorImpl.invoke0(Ljava/lang/reflect/Method;Ljava/lang/Object;[Ljava/lang/Object;)Ljava/lang/Object;+0
j  sun.reflect.NativeMethodAccessorImpl.invoke(Ljava/lang/Object;[Ljava/lang/Object;)Ljava/lang/Object;+100
j  sun.reflect.DelegatingMethodAccessorImpl.invoke(Ljava/lang/Object;[Ljava/lang/Object;)Ljava/lang/Object;+6
j  java.lang.reflect.Method.invoke(Ljava/lang/Object;[Ljava/lang/Object;)Ljava/lang/Object;+56
j  sun.launcher.LauncherHelper$FXHelper.main([Ljava/lang/String;)V+52
v  ~StubRoutines::call_stub
V  [libjvm.so+0x68dbc6]  JavaCalls::call_helper(JavaValue*, methodHandle*, JavaCallArguments*, Thread*)+0x1056
V  [libjvm.so+0x6cf232]  jni_invoke_static(JNIEnv_*, JavaValue*, _jobject*, JNICallType, _jmethodID*, JNI_ArgumentPusher*, Thread*)+0x362
V  [libjvm.so+0x6eba9a]  jni_CallStaticVoidMethod+0x17a
C  [libjli.so+0x7bcc]  JavaMain+0x80c
C  [libpthread.so.0+0x76fa]  start_thread+0xca


---------------  P R O C E S S  ---------------

Java Threads: ( => current thread )
  0x00007f71f80c0000 JavaThread "Service Thread" daemon [_thread_blocked, id=5173, stack(0x00007f71e80f1000,0x00007f71e81f2000)]
  0x00007f71f80bc800 JavaThread "C1 CompilerThread2" daemon [_thread_blocked, id=5172, stack(0x00007f71e81f2000,0x00007f71e82f3000)]
  0x00007f71f80bb000 JavaThread "C2 CompilerThread1" daemon [_thread_blocked, id=5171, stack(0x00007f71e82f3000,0x00007f71e83f4000)]
  0x00007f71f80b8000 JavaThread "C2 CompilerThread0" daemon [_thread_blocked, id=5170, stack(0x00007f71e83f4000,0x00007f71e84f5000)]
  0x00007f71f80b6800 JavaThread "Signal Dispatcher" daemon [_thread_blocked, id=5169, stack(0x00007f71e84f5000,0x00007f71e85f6000)]
  0x00007f71f8083800 JavaThread "Finalizer" daemon [_thread_blocked, id=5168, stack(0x00007f71e85f6000,0x00007f71e86f7000)]
  0x00007f71f807f000 JavaThread "Reference Handler" daemon [_thread_blocked, id=5167, stack(0x00007f71e86f7000,0x00007f71e87f8000)]
=>0x00007f71f8009800 JavaThread "main" [_thread_in_Java, id=5160, stack(0x00007f7200ebd000,0x00007f7200fbe000)]

Other Threads:
  0x00007f71f8077800 VMThread [stack: 0x00007f71e87f8000,0x00007f71e88f9000] [id=5166]
  0x00007f71f80c2800 WatcherThread [stack: 0x00007f71e15f7000,0x00007f71e16f8000] [id=5174]

VM state:not at safepoint (normal execution)

VM Mutex/Monitor currently owned by a thread: None

Heap:
 PSYoungGen      total 18432K, used 2540K [0x00000000eb700000, 0x00000000ecb80000, 0x0000000100000000)
  eden space 15872K, 16% used [0x00000000eb700000,0x00000000eb97b1e8,0x00000000ec680000)
  from space 2560K, 0% used [0x00000000ec900000,0x00000000ec900000,0x00000000ecb80000)
  to   space 2560K, 0% used [0x00000000ec680000,0x00000000ec680000,0x00000000ec900000)
 ParOldGen       total 42496K, used 0K [0x00000000c2400000, 0x00000000c4d80000, 0x00000000eb700000)
  object space 42496K, 0% used [0x00000000c2400000,0x00000000c2400000,0x00000000c4d80000)
 Metaspace       used 3788K, capacity 4814K, committed 4864K, reserved 1056768K
  class space    used 427K, capacity 500K, committed 512K, reserved 1048576K

Card table byte_map: [0x00007f71fda81000,0x00007f71fdc70000] byte_map_base: 0x00007f71fd46f000

Marking Bits: (ParMarkBitMap*) 0x00007f720038dd60
 Begin Bits: [0x00007f71e2120000, 0x00007f71e3090000)
 End Bits:   [0x00007f71e3090000, 0x00007f71e4000000)

Polling page: 0x00007f7200fdc000

CodeCache: size=245760Kb used=1525Kb max_used=1525Kb free=244234Kb
 bounds [0x00007f71e9000000, 0x00007f71e9270000, 0x00007f71f8000000]
 total_blobs=489 nmethods=239 adapters=165
 compilation: enabled

Compilation events (10 events):
Event: 0,812 Thread 0x00007f71f80bc800 nmethod 232 0x00007f71e9177290 code [0x00007f71e91773e0, 0x00007f71e91774f0]
Event: 0,812 Thread 0x00007f71f80bc800  233   !   3       java.lang.ClassLoader::loadClass (122 bytes)
Event: 0,819 Thread 0x00007f71f80bc800 nmethod 233 0x00007f71e9177550 code [0x00007f71e91778e0, 0x00007f71e9179c18]
Event: 0,845 Thread 0x00007f71f80bc800  235       3       java.lang.String::substring (56 bytes)
Event: 0,846 Thread 0x00007f71f80bc800 nmethod 235 0x00007f71e917b790 code [0x00007f71e917b940, 0x00007f71e917bce8]
Event: 0,847 Thread 0x00007f71f80bc800  236       3       java.util.concurrent.ConcurrentHashMap::addCount (292 bytes)
Event: 0,849 Thread 0x00007f71f80bc800 nmethod 236 0x00007f71e917be90 code [0x00007f71e917c0a0, 0x00007f71e917cb88]
Event: 0,852 Thread 0x00007f71f80bc800  237       3       java.lang.String::toCharArray (25 bytes)
Event: 0,853 Thread 0x00007f71f80bc800 nmethod 237 0x00007f71e917cf50 code [0x00007f71e917d0c0, 0x00007f71e917d348]
Event: 0,872 Thread 0x00007f71f80bc800  238       1       java.net.URL::getFile (5 bytes)

GC Heap History (0 events):
No events

Deoptimization events (0 events):
No events

Internal exceptions (9 events):
Event: 0,132 Thread 0x00007f71f8009800 Exception <a 'java/lang/NoSuchMethodError': Method sun.misc.Unsafe.defineClass(Ljava/lang/String;[BII)Ljava/lang/Class; name or signature does not match> (0x00000000eb707cc0) thrown at [/HUDSON/workspace/8-2-build-linux-amd64/jdk8u91/6644/hotspot/src/shar
Event: 0,132 Thread 0x00007f71f8009800 Exception <a 'java/lang/NoSuchMethodError': Method sun.misc.Unsafe.prefetchRead(Ljava/lang/Object;J)V name or signature does not match> (0x00000000eb707fa8) thrown at [/HUDSON/workspace/8-2-build-linux-amd64/jdk8u91/6644/hotspot/src/share/vm/prims/jni.cpp
Event: 0,662 Thread 0x00007f71f8009800 Exception <a 'java/lang/NoSuchFieldError': method resolution failed> (0x00000000eb8b3798) thrown at [/HUDSON/workspace/8-2-build-linux-amd64/jdk8u91/6644/hotspot/src/share/vm/prims/methodHandles.cpp, line 1146]
Event: 0,687 Thread 0x00007f71f8009800 Exception <a 'java/lang/NoSuchFieldError': method resolution failed> (0x00000000eb8c0b18) thrown at [/HUDSON/workspace/8-2-build-linux-amd64/jdk8u91/6644/hotspot/src/share/vm/prims/methodHandles.cpp, line 1146]
Event: 0,770 Thread 0x00007f71f8009800 Exception <a 'java/security/PrivilegedActionException'> (0x00000000eb94a2d8) thrown at [/HUDSON/workspace/8-2-build-linux-amd64/jdk8u91/6644/hotspot/src/share/vm/prims/jvm.cpp, line 1386]
Event: 0,770 Thread 0x00007f71f8009800 Exception <a 'java/security/PrivilegedActionException'> (0x00000000eb94a4e8) thrown at [/HUDSON/workspace/8-2-build-linux-amd64/jdk8u91/6644/hotspot/src/share/vm/prims/jvm.cpp, line 1386]
Event: 0,771 Thread 0x00007f71f8009800 Exception <a 'java/security/PrivilegedActionException'> (0x00000000eb94c798) thrown at [/HUDSON/workspace/8-2-build-linux-amd64/jdk8u91/6644/hotspot/src/share/vm/prims/jvm.cpp, line 1386]
Event: 0,771 Thread 0x00007f71f8009800 Exception <a 'java/security/PrivilegedActionException'> (0x00000000eb94c9a8) thrown at [/HUDSON/workspace/8-2-build-linux-amd64/jdk8u91/6644/hotspot/src/share/vm/prims/jvm.cpp, line 1386]
Event: 0,771 Thread 0x00007f71f8009800 Exception <a 'java/lang/NullPointerException'> (0x00000000eb94cf80) thrown at [/HUDSON/workspace/8-2-build-linux-amd64/jdk8u91/6644/hotspot/src/share/vm/interpreter/linkResolver.cpp, line 1178]

Events (10 events):
Event: 0,856 loading class java/util/concurrent/CopyOnWriteArrayList
Event: 0,856 loading class java/util/concurrent/CopyOnWriteArrayList done
Event: 0,857 loading class java/util/concurrent/locks/ReentrantLock$NonfairSync
Event: 0,857 loading class java/util/concurrent/locks/ReentrantLock$Sync
Event: 0,857 loading class java/util/concurrent/locks/ReentrantLock$Sync done
Event: 0,857 loading class java/util/concurrent/locks/ReentrantLock$NonfairSync done
Event: 0,857 loading class javafx/beans/binding/ObjectExpression
Event: 0,857 loading class javafx/beans/binding/ObjectExpression done
Event: 0,872 loading class javafx/beans/value/ObservableObjectValue
Event: 0,872 loading class javafx/beans/value/ObservableObjectValue done


Dynamic libraries:
00400000-00401000 r-xp 00000000 08:07 1455572                            /usr/local/jdk1.8.0_91/bin/java
00600000-00601000 rw-p 00000000 08:07 1455572                            /usr/local/jdk1.8.0_91/bin/java
02473000-02494000 rw-p 00000000 00:00 0                                  [heap]
c2400000-c4d80000 rw-p 00000000 00:00 0 
c4d80000-eb700000 ---p 00000000 00:00 0 
eb700000-ecb80000 rw-p 00000000 00:00 0 
ecb80000-100000000 ---p 00000000 00:00 0 
100000000-100080000 rw-p 00000000 00:00 0 
100080000-140000000 ---p 00000000 00:00 0 
7f71ac000000-7f71ac021000 rw-p 00000000 00:00 0 
7f71ac021000-7f71b0000000 ---p 00000000 00:00 0 
7f71b0000000-7f71b0021000 rw-p 00000000 00:00 0 
7f71b0021000-7f71b4000000 ---p 00000000 00:00 0 
7f71b4000000-7f71b4021000 rw-p 00000000 00:00 0 
7f71b4021000-7f71b8000000 ---p 00000000 00:00 0 
7f71b8000000-7f71b824a000 rw-p 00000000 00:00 0 
7f71b824a000-7f71bc000000 ---p 00000000 00:00 0 
7f71bc000000-7f71bc021000 rw-p 00000000 00:00 0 
7f71bc021000-7f71c0000000 ---p 00000000 00:00 0 
7f71c0000000-7f71c0062000 rw-p 00000000 00:00 0 
7f71c0062000-7f71c4000000 ---p 00000000 00:00 0 
7f71c4000000-7f71c4021000 rw-p 00000000 00:00 0 
7f71c4021000-7f71c8000000 ---p 00000000 00:00 0 
7f71c8000000-7f71c8021000 rw-p 00000000 00:00 0 
7f71c8021000-7f71cc000000 ---p 00000000 00:00 0 
7f71cc000000-7f71cc021000 rw-p 00000000 00:00 0 
7f71cc021000-7f71d0000000 ---p 00000000 00:00 0 
7f71d0000000-7f71d0021000 rw-p 00000000 00:00 0 
7f71d0021000-7f71d4000000 ---p 00000000 00:00 0 
7f71d4000000-7f71d4021000 rw-p 00000000 00:00 0 
7f71d4021000-7f71d8000000 ---p 00000000 00:00 0 
7f71dc000000-7f71dc021000 rw-p 00000000 00:00 0 
7f71dc021000-7f71e0000000 ---p 00000000 00:00 0 
7f71e15f7000-7f71e15f8000 ---p 00000000 00:00 0 
7f71e15f8000-7f71e16f8000 rw-p 00000000 00:00 0 
7f71e16f8000-7f71e2120000 r--p 00000000 08:07 1187635                    /usr/lib/locale/locale-archive
7f71e2120000-7f71e4000000 rw-p 00000000 00:00 0 
7f71e4000000-7f71e4021000 rw-p 00000000 00:00 0 
7f71e4021000-7f71e8000000 ---p 00000000 00:00 0 
7f71e805c000-7f71e80f1000 r--s 01103000 08:07 1321917                    /usr/local/jdk1.8.0_91/jre/lib/ext/jfxrt.jar
7f71e80f1000-7f71e80f4000 ---p 00000000 00:00 0 
7f71e80f4000-7f71e81f2000 rw-p 00000000 00:00 0 
7f71e81f2000-7f71e81f5000 ---p 00000000 00:00 0 
7f71e81f5000-7f71e82f3000 rw-p 00000000 00:00 0 
7f71e82f3000-7f71e82f6000 ---p 00000000 00:00 0 
7f71e82f6000-7f71e83f4000 rw-p 00000000 00:00 0 
7f71e83f4000-7f71e83f7000 ---p 00000000 00:00 0 
7f71e83f7000-7f71e84f5000 rw-p 00000000 00:00 0 
7f71e84f5000-7f71e84f8000 ---p 00000000 00:00 0 
7f71e84f8000-7f71e85f6000 rw-p 00000000 00:00 0 
7f71e85f6000-7f71e85f9000 ---p 00000000 00:00 0 
7f71e85f9000-7f71e86f7000 rw-p 00000000 00:00 0 
7f71e86f7000-7f71e86fa000 ---p 00000000 00:00 0 
7f71e86fa000-7f71e87f8000 rw-p 00000000 00:00 0 
7f71e87f8000-7f71e87f9000 ---p 00000000 00:00 0 
7f71e87f9000-7f71e9000000 rw-p 00000000 00:00 0 
7f71e9000000-7f71e9270000 rwxp 00000000 00:00 0 
7f71e9270000-7f71f8000000 ---p 00000000 00:00 0 
7f71f8000000-7f71f83d7000 rw-p 00000000 00:00 0 
7f71f83d7000-7f71fc000000 ---p 00000000 00:00 0 
7f71fc03c000-7f71fc8f6000 rw-p 00000000 00:00 0 
7f71fc8f6000-7f71fcacf000 r--s 03d1f000 08:07 1195368                    /usr/local/jdk1.8.0_91/jre/lib/rt.jar
7f71fcacf000-7f71fcf85000 rw-p 00000000 00:00 0 
7f71fcf85000-7f71fd345000 ---p 00000000 00:00 0 
7f71fd345000-7f71fd533000 rw-p 00000000 00:00 0 
7f71fd533000-7f71fd534000 ---p 00000000 00:00 0 
7f71fd534000-7f71fd634000 rw-p 00000000 00:00 0 
7f71fd634000-7f71fd635000 ---p 00000000 00:00 0 
7f71fd635000-7f71fd735000 rw-p 00000000 00:00 0 
7f71fd735000-7f71fd736000 ---p 00000000 00:00 0 
7f71fd736000-7f71fd836000 rw-p 00000000 00:00 0 
7f71fd836000-7f71fd837000 ---p 00000000 00:00 0 
7f71fd837000-7f71fd94c000 rw-p 00000000 00:00 0 
7f71fd94c000-7f71fda81000 ---p 00000000 00:00 0 
7f71fda81000-7f71fda96000 rw-p 00000000 00:00 0 
7f71fda96000-7f71fdbca000 ---p 00000000 00:00 0 
7f71fdbca000-7f71fdbd5000 rw-p 00000000 00:00 0 
7f71fdbd5000-7f71fdc6f000 ---p 00000000 00:00 0 
7f71fdc6f000-7f71fdc7a000 rw-p 00000000 00:00 0 
7f71fdc7a000-7f71fe030000 ---p 00000000 00:00 0 
7f71fe030000-7f71fe04a000 r-xp 00000000 08:07 1195343                    /usr/local/jdk1.8.0_91/jre/lib/amd64/libzip.so
7f71fe04a000-7f71fe24a000 ---p 0001a000 08:07 1195343                    /usr/local/jdk1.8.0_91/jre/lib/amd64/libzip.so
7f71fe24a000-7f71fe24b000 rw-p 0001a000 08:07 1195343                    /usr/local/jdk1.8.0_91/jre/lib/amd64/libzip.so
7f71fe24b000-7f71fe256000 r-xp 00000000 08:07 529526                     /lib/x86_64-linux-gnu/libnss_files-2.23.so
7f71fe256000-7f71fe455000 ---p 0000b000 08:07 529526                     /lib/x86_64-linux-gnu/libnss_files-2.23.so
7f71fe455000-7f71fe456000 r--p 0000a000 08:07 529526                     /lib/x86_64-linux-gnu/libnss_files-2.23.so
7f71fe456000-7f71fe457000 rw-p 0000b000 08:07 529526                     /lib/x86_64-linux-gnu/libnss_files-2.23.so
7f71fe457000-7f71fe45d000 rw-p 00000000 00:00 0 
7f71fe45d000-7f71fe468000 r-xp 00000000 08:07 529536                     /lib/x86_64-linux-gnu/libnss_nis-2.23.so
7f71fe468000-7f71fe667000 ---p 0000b000 08:07 529536                     /lib/x86_64-linux-gnu/libnss_nis-2.23.so
7f71fe667000-7f71fe668000 r--p 0000a000 08:07 529536                     /lib/x86_64-linux-gnu/libnss_nis-2.23.so
7f71fe668000-7f71fe669000 rw-p 0000b000 08:07 529536                     /lib/x86_64-linux-gnu/libnss_nis-2.23.so
7f71fe669000-7f71fe67f000 r-xp 00000000 08:07 529520                     /lib/x86_64-linux-gnu/libnsl-2.23.so
7f71fe67f000-7f71fe87e000 ---p 00016000 08:07 529520                     /lib/x86_64-linux-gnu/libnsl-2.23.so
7f71fe87e000-7f71fe87f000 r--p 00015000 08:07 529520                     /lib/x86_64-linux-gnu/libnsl-2.23.so
7f71fe87f000-7f71fe880000 rw-p 00016000 08:07 529520                     /lib/x86_64-linux-gnu/libnsl-2.23.so
7f71fe880000-7f71fe882000 rw-p 00000000 00:00 0 
7f71fe882000-7f71fe88a000 r-xp 00000000 08:07 529522                     /lib/x86_64-linux-gnu/libnss_compat-2.23.so
7f71fe88a000-7f71fea89000 ---p 00008000 08:07 529522                     /lib/x86_64-linux-gnu/libnss_compat-2.23.so
7f71fea89000-7f71fea8a000 r--p 00007000 08:07 529522                     /lib/x86_64-linux-gnu/libnss_compat-2.23.so
7f71fea8a000-7f71fea8b000 rw-p 00008000 08:07 529522                     /lib/x86_64-linux-gnu/libnss_compat-2.23.so
7f71fea8b000-7f71feab5000 r-xp 00000000 08:07 1195337                    /usr/local/jdk1.8.0_91/jre/lib/amd64/libjava.so
7f71feab5000-7f71fecb5000 ---p 0002a000 08:07 1195337                    /usr/local/jdk1.8.0_91/jre/lib/amd64/libjava.so
7f71fecb5000-7f71fecb7000 rw-p 0002a000 08:07 1195337                    /usr/local/jdk1.8.0_91/jre/lib/amd64/libjava.so
7f71fecb7000-7f71fecc4000 r-xp 00000000 08:07 1195318                    /usr/local/jdk1.8.0_91/jre/lib/amd64/libverify.so
7f71fecc4000-7f71feec4000 ---p 0000d000 08:07 1195318                    /usr/local/jdk1.8.0_91/jre/lib/amd64/libverify.so
7f71feec4000-7f71feec6000 rw-p 0000d000 08:07 1195318                    /usr/local/jdk1.8.0_91/jre/lib/amd64/libverify.so
7f71feec6000-7f71feecd000 r-xp 00000000 08:07 529581                     /lib/x86_64-linux-gnu/librt-2.23.so
7f71feecd000-7f71ff0cc000 ---p 00007000 08:07 529581                     /lib/x86_64-linux-gnu/librt-2.23.so
7f71ff0cc000-7f71ff0cd000 r--p 00006000 08:07 529581                     /lib/x86_64-linux-gnu/librt-2.23.so
7f71ff0cd000-7f71ff0ce000 rw-p 00007000 08:07 529581                     /lib/x86_64-linux-gnu/librt-2.23.so
7f71ff0ce000-7f71ff1d6000 r-xp 00000000 08:07 529497                     /lib/x86_64-linux-gnu/libm-2.23.so
7f71ff1d6000-7f71ff3d5000 ---p 00108000 08:07 529497                     /lib/x86_64-linux-gnu/libm-2.23.so
7f71ff3d5000-7f71ff3d6000 r--p 00107000 08:07 529497                     /lib/x86_64-linux-gnu/libm-2.23.so
7f71ff3d6000-7f71ff3d7000 rw-p 00108000 08:07 529497                     /lib/x86_64-linux-gnu/libm-2.23.so
7f71ff3d7000-7f7200097000 r-xp 00000000 08:07 1321808                    /usr/local/jdk1.8.0_91/jre/lib/amd64/server/libjvm.so
7f7200097000-7f7200297000 ---p 00cc0000 08:07 1321808                    /usr/local/jdk1.8.0_91/jre/lib/amd64/server/libjvm.so
7f7200297000-7f720036f000 rw-p 00cc0000 08:07 1321808                    /usr/local/jdk1.8.0_91/jre/lib/amd64/server/libjvm.so
7f720036f000-7f72003ba000 rw-p 00000000 00:00 0 
7f72003ba000-7f720057a000 r-xp 00000000 08:07 529427                     /lib/x86_64-linux-gnu/libc-2.23.so
7f720057a000-7f7200779000 ---p 001c0000 08:07 529427                     /lib/x86_64-linux-gnu/libc-2.23.so
7f7200779000-7f720077d000 r--p 001bf000 08:07 529427                     /lib/x86_64-linux-gnu/libc-2.23.so
7f720077d000-7f720077f000 rw-p 001c3000 08:07 529427                     /lib/x86_64-linux-gnu/libc-2.23.so
7f720077f000-7f7200783000 rw-p 00000000 00:00 0 
7f7200783000-7f7200786000 r-xp 00000000 08:07 529451                     /lib/x86_64-linux-gnu/libdl-2.23.so
7f7200786000-7f7200985000 ---p 00003000 08:07 529451                     /lib/x86_64-linux-gnu/libdl-2.23.so
7f7200985000-7f7200986000 r--p 00002000 08:07 529451                     /lib/x86_64-linux-gnu/libdl-2.23.so
7f7200986000-7f7200987000 rw-p 00003000 08:07 529451                     /lib/x86_64-linux-gnu/libdl-2.23.so
7f7200987000-7f720099c000 r-xp 00000000 08:07 1321898                    /usr/local/jdk1.8.0_91/lib/amd64/jli/libjli.so
7f720099c000-7f7200b9c000 ---p 00015000 08:07 1321898                    /usr/local/jdk1.8.0_91/lib/amd64/jli/libjli.so
7f7200b9c000-7f7200b9d000 rw-p 00015000 08:07 1321898                    /usr/local/jdk1.8.0_91/lib/amd64/jli/libjli.so
7f7200b9d000-7f7200bb5000 r-xp 00000000 08:07 529573                     /lib/x86_64-linux-gnu/libpthread-2.23.so
7f7200bb5000-7f7200db4000 ---p 00018000 08:07 529573                     /lib/x86_64-linux-gnu/libpthread-2.23.so
7f7200db4000-7f7200db5000 r--p 00017000 08:07 529573                     /lib/x86_64-linux-gnu/libpthread-2.23.so
7f7200db5000-7f7200db6000 rw-p 00018000 08:07 529573                     /lib/x86_64-linux-gnu/libpthread-2.23.so
7f7200db6000-7f7200dba000 rw-p 00000000 00:00 0 
7f7200dba000-7f7200de0000 r-xp 00000000 08:07 529399                     /lib/x86_64-linux-gnu/ld-2.23.so
7f7200de4000-7f7200ebd000 rw-p 00000000 00:00 0 
7f7200ebd000-7f7200ec0000 ---p 00000000 00:00 0 
7f7200ec0000-7f7200fc2000 rw-p 00000000 00:00 0 
7f7200fd3000-7f7200fdb000 rw-s 00000000 08:07 917534                     /tmp/hsperfdata_jw/5156
7f7200fdb000-7f7200fdc000 rw-p 00000000 00:00 0 
7f7200fdc000-7f7200fdd000 r--p 00000000 00:00 0 
7f7200fdd000-7f7200fdf000 rw-p 00000000 00:00 0 
7f7200fdf000-7f7200fe0000 r--p 00025000 08:07 529399                     /lib/x86_64-linux-gnu/ld-2.23.so
7f7200fe0000-7f7200fe1000 rw-p 00026000 08:07 529399                     /lib/x86_64-linux-gnu/ld-2.23.so
7f7200fe1000-7f7200fe2000 rw-p 00000000 00:00 0 
7ffc4e137000-7ffc4e158000 rw-p 00000000 00:00 0                          [stack]
7ffc4e18e000-7ffc4e190000 r--p 00000000 00:00 0                          [vvar]
7ffc4e190000-7ffc4e192000 r-xp 00000000 00:00 0                          [vdso]
ffffffffff600000-ffffffffff601000 r-xp 00000000 00:00 0                  [vsyscall]

VM Arguments:
jvm_args: -Dfile.encoding=UTF-8 
java_command: afp.AssistenteFinanceiroPessoal
java_class_path (initial): /home/jw/NetBeansProjects/Assistente Financeiro Pessoal/build/classes
Launcher Type: SUN_STANDARD

Environment Variables:
JAVA_HOME=/usr/lib/jvm/java-8-oracle
PATH=/usr/local/sbin:/usr/local/bin:/usr/sbin:/usr/bin:/sbin:/bin:/usr/games:/usr/local/games:/snap/bin:/usr/lib/jvm/java-8-oracle/bin:/usr/lib/jvm/java-8-oracle/db/bin:/usr/lib/jvm/java-8-oracle/jre/bin
LD_LIBRARY_PATH=/usr/local/jdk1.8.0_91/jre/lib/amd64:/usr/local/jdk1.8.0_91/jre/lib/i386:
SHELL=/bin/bash
DISPLAY=:0.0

Signal Handlers:
SIGSEGV: [libjvm.so+0xabca10], sa_mask[0]=11111111011111111101111111111110, sa_flags=SA_RESTART|SA_SIGINFO
SIGBUS: [libjvm.so+0xabca10], sa_mask[0]=11111111011111111101111111111110, sa_flags=SA_RESTART|SA_SIGINFO
SIGFPE: [libjvm.so+0x919a20], sa_mask[0]=11111111011111111101111111111110, sa_flags=SA_RESTART|SA_SIGINFO
SIGPIPE: [libjvm.so+0x919a20], sa_mask[0]=11111111011111111101111111111110, sa_flags=SA_RESTART|SA_SIGINFO
SIGXFSZ: [libjvm.so+0x919a20], sa_mask[0]=11111111011111111101111111111110, sa_flags=SA_RESTART|SA_SIGINFO
SIGILL: [libjvm.so+0x919a20], sa_mask[0]=11111111011111111101111111111110, sa_flags=SA_RESTART|SA_SIGINFO
SIGUSR1: SIG_DFL, sa_mask[0]=00000000000000000000000000000000, sa_flags=none
SIGUSR2: [libjvm.so+0x91b050], sa_mask[0]=00100000000000000000000000000000, sa_flags=SA_RESTART|SA_SIGINFO
SIGHUP: [libjvm.so+0x91c450], sa_mask[0]=11111111011111111101111111111110, sa_flags=SA_RESTART|SA_SIGINFO
SIGINT: SIG_IGN, sa_mask[0]=00000000000000000000000000000000, sa_flags=none
SIGTERM: [libjvm.so+0x91c450], sa_mask[0]=11111111011111111101111111111110, sa_flags=SA_RESTART|SA_SIGINFO
SIGQUIT: [libjvm.so+0x91c450], sa_mask[0]=11111111011111111101111111111110, sa_flags=SA_RESTART|SA_SIGINFO


---------------  S Y S T E M  ---------------

OS:DISTRIB_ID=Ubuntu
DISTRIB_RELEASE=16.04
DISTRIB_CODENAME=xenial
DISTRIB_DESCRIPTION="Ubuntu 16.04 LTS"

uname:Linux 4.4.0-21-generic #37-Ubuntu SMP Mon Apr 18 18:33:37 UTC 2016 x86_64
libc:glibc 2.23 NPTL 2.23 
rlimit: STACK 8192k, CORE 0k, NPROC 15398, NOFILE 65536, AS infinity
load average:2,97 2,53 2,16

/proc/meminfo:
MemTotal:        4046372 kB
MemFree:          678452 kB
MemAvailable:    1718504 kB
Buffers:          100064 kB
Cached:           978456 kB
SwapCached:          300 kB
Active:          2022984 kB
Inactive:        1061908 kB
Active(anon):    1528424 kB
Inactive(anon):   573484 kB
Active(file):     494560 kB
Inactive(file):   488424 kB
Unevictable:         108 kB
Mlocked:             108 kB
SwapTotal:       4881404 kB
SwapFree:        4877060 kB
Dirty:               336 kB
Writeback:             0 kB
AnonPages:       2006100 kB
Mapped:           418728 kB
Shmem:             95316 kB
Slab:             120700 kB
SReclaimable:      86804 kB
SUnreclaim:        33896 kB
KernelStack:        8688 kB
PageTables:        34732 kB
NFS_Unstable:          0 kB
Bounce:                0 kB
WritebackTmp:          0 kB
CommitLimit:     6904588 kB
Committed_AS:    5544312 kB
VmallocTotal:   34359738367 kB
VmallocUsed:           0 kB
VmallocChunk:          0 kB
HardwareCorrupted:     0 kB
AnonHugePages:    681984 kB
CmaTotal:              0 kB
CmaFree:               0 kB
HugePages_Total:       0
HugePages_Free:        0
HugePages_Rsvd:        0
HugePages_Surp:        0
Hugepagesize:       2048 kB
DirectMap4k:      239296 kB
DirectMap2M:     2906112 kB
DirectMap1G:     1048576 kB


CPU:total 4 (4 cores per cpu, 1 threads per core) family 16 model 5 stepping 3, cmov, cx8, fxsr, mmx, sse, sse2, sse3, popcnt, mmxext, 3dnowpref, lzcnt, sse4a, tsc, tscinvbit, tscinv

/proc/cpuinfo:
processor	: 0
vendor_id	: AuthenticAMD
cpu family	: 16
model		: 5
model name	: AMD Athlon(tm) II X4 640 Processor
stepping	: 3
microcode	: 0x10000c8
cpu MHz		: 3000.000
cache size	: 512 KB
physical id	: 0
siblings	: 4
core id		: 0
cpu cores	: 4
apicid		: 0
initial apicid	: 0
fpu		: yes
fpu_exception	: yes
cpuid level	: 5
wp		: yes
flags		: fpu vme de pse tsc msr pae mce cx8 apic sep mtrr pge mca cmov pat pse36 clflush mmx fxsr sse sse2 ht syscall nx mmxext fxsr_opt pdpe1gb rdtscp lm 3dnowext 3dnow constant_tsc rep_good nopl nonstop_tsc extd_apicid pni monitor cx16 popcnt lahf_lm cmp_legacy svm extapic cr8_legacy abm sse4a misalignsse 3dnowprefetch osvw ibs skinit wdt hw_pstate vmmcall npt lbrv svm_lock nrip_save
bugs		: tlb_mmatch fxsave_leak sysret_ss_attrs
bogomips	: 6027.39
TLB size	: 1024 4K pages
clflush size	: 64
cache_alignment	: 64
address sizes	: 48 bits physical, 48 bits virtual
power management: ts ttp tm stc 100mhzsteps hwpstate

processor	: 1
vendor_id	: AuthenticAMD
cpu family	: 16
model		: 5
model name	: AMD Athlon(tm) II X4 640 Processor
stepping	: 3
microcode	: 0x10000c8
cpu MHz		: 3000.000
cache size	: 512 KB
physical id	: 0
siblings	: 4
core id		: 1
cpu cores	: 4
apicid		: 1
initial apicid	: 1
fpu		: yes
fpu_exception	: yes
cpuid level	: 5
wp		: yes
flags		: fpu vme de pse tsc msr pae mce cx8 apic sep mtrr pge mca cmov pat pse36 clflush mmx fxsr sse sse2 ht syscall nx mmxext fxsr_opt pdpe1gb rdtscp lm 3dnowext 3dnow constant_tsc rep_good nopl nonstop_tsc extd_apicid pni monitor cx16 popcnt lahf_lm cmp_legacy svm extapic cr8_legacy abm sse4a misalignsse 3dnowprefetch osvw ibs skinit wdt hw_pstate vmmcall npt lbrv svm_lock nrip_save
bugs		: tlb_mmatch fxsave_leak sysret_ss_attrs
bogomips	: 6027.39
TLB size	: 1024 4K pages
clflush size	: 64
cache_alignment	: 64
address sizes	: 48 bits physical, 48 bits virtual
power management: ts ttp tm stc 100mhzsteps hwpstate

processor	: 2
vendor_id	: AuthenticAMD
cpu family	: 16
model		: 5
model name	: AMD Athlon(tm) II X4 640 Processor
stepping	: 3
microcode	: 0x10000c8
cpu MHz		: 3000.000
cache size	: 512 KB
physical id	: 0
siblings	: 4
core id		: 2
cpu cores	: 4
apicid		: 2
initial apicid	: 2
fpu		: yes
fpu_exception	: yes
cpuid level	: 5
wp		: yes
flags		: fpu vme de pse tsc msr pae mce cx8 apic sep mtrr pge mca cmov pat pse36 clflush mmx fxsr sse sse2 ht syscall nx mmxext fxsr_opt pdpe1gb rdtscp lm 3dnowext 3dnow constant_tsc rep_good nopl nonstop_tsc extd_apicid pni monitor cx16 popcnt lahf_lm cmp_legacy svm extapic cr8_legacy abm sse4a misalignsse 3dnowprefetch osvw ibs skinit wdt hw_pstate vmmcall npt lbrv svm_lock nrip_save
bugs		: tlb_mmatch fxsave_leak sysret_ss_attrs
bogomips	: 6027.39
TLB size	: 1024 4K pages
clflush size	: 64
cache_alignment	: 64
address sizes	: 48 bits physical, 48 bits virtual
power management: ts ttp tm stc 100mhzsteps hwpstate

processor	: 3
vendor_id	: AuthenticAMD
cpu family	: 16
model		: 5
model name	: AMD Athlon(tm) II X4 640 Processor
stepping	: 3
microcode	: 0x10000c8
cpu MHz		: 3000.000
cache size	: 512 KB
physical id	: 0
siblings	: 4
core id		: 3
cpu cores	: 4
apicid		: 3
initial apicid	: 3
fpu		: yes
fpu_exception	: yes
cpuid level	: 5
wp		: yes
flags		: fpu vme de pse tsc msr pae mce cx8 apic sep mtrr pge mca cmov pat pse36 clflush mmx fxsr sse sse2 ht syscall nx mmxext fxsr_opt pdpe1gb rdtscp lm 3dnowext 3dnow constant_tsc rep_good nopl nonstop_tsc extd_apicid pni monitor cx16 popcnt lahf_lm cmp_legacy svm extapic cr8_legacy abm sse4a misalignsse 3dnowprefetch osvw ibs skinit wdt hw_pstate vmmcall npt lbrv svm_lock nrip_save
bugs		: tlb_mmatch fxsave_leak sysret_ss_attrs
bogomips	: 6027.39
TLB size	: 1024 4K pages
clflush size	: 64
cache_alignment	: 64
address sizes	: 48 bits physical, 48 bits virtual
power management: ts ttp tm stc 100mhzsteps hwpstate



Memory: 4k page, physical 4046372k(678452k free), swap 4881404k(4877060k free)

vm_info: Java HotSpot(TM) 64-Bit Server VM (25.91-b14) for linux-amd64 JRE (1.8.0_91-b14), built on Apr  1 2016 00:57:21 by "java_re" with gcc 4.3.0 20080428 (Red Hat 4.3.0-8)

time: Wed May  4 23:22:42 2016
elapsed time: 0 seconds (0d 0h 0m 0s)

